[0.129s] DEBUG:colcon:Command line arguments: ['/usr/bin/colcon', 'build']
[0.129s] DEBUG:colcon:Parsed command line arguments: Namespace(log_base=None, log_level=None, verb_name='build', build_base='build', install_base='install', merge_install=False, symlink_install=False, test_result_base=None, continue_on_error=False, executor='parallel', parallel_workers=20, event_handlers=None, ignore_user_meta=False, metas=['./colcon.meta'], base_paths=['.'], packages_ignore=None, packages_ignore_regex=None, paths=None, packages_up_to=None, packages_up_to_regex=None, packages_above=None, packages_above_and_dependencies=None, packages_above_depth=None, packages_select_by_dep=None, packages_skip_by_dep=None, packages_skip_up_to=None, packages_select_build_failed=False, packages_skip_build_finished=False, packages_select_test_failures=False, packages_skip_test_passed=False, packages_select=None, packages_skip=None, packages_select_regex=None, packages_skip_regex=None, packages_start=None, packages_end=None, allow_overriding=[], cmake_args=None, cmake_target=None, cmake_target_skip_unavailable=False, cmake_clean_cache=False, cmake_clean_first=False, cmake_force_configure=False, ament_cmake_args=None, catkin_cmake_args=None, catkin_skip_building_tests=False, mixin_files=None, mixin=None, verb_parser=<colcon_mixin.mixin.mixin_argument.MixinArgumentDecorator object at 0x73fb5870e560>, verb_extension=<colcon_core.verb.build.BuildVerb object at 0x73fb5870e020>, main=<bound method BuildVerb.main of <colcon_core.verb.build.BuildVerb object at 0x73fb5870e020>>, mixin_verb=('build',))
[0.296s] Level 1:colcon.colcon_core.package_discovery:discover_packages(colcon_meta) check parameters
[0.296s] Level 1:colcon.colcon_core.package_discovery:discover_packages(recursive) check parameters
[0.297s] Level 1:colcon.colcon_core.package_discovery:discover_packages(ignore) check parameters
[0.297s] Level 1:colcon.colcon_core.package_discovery:discover_packages(path) check parameters
[0.297s] Level 1:colcon.colcon_core.package_discovery:discover_packages(colcon_meta) discover
[0.297s] Level 1:colcon.colcon_core.package_discovery:discover_packages(recursive) discover
[0.297s] INFO:colcon.colcon_core.package_discovery:Crawling recursively for packages in '/home/noth5593/CLionProjects/20241119_test2'
[0.297s] Level 1:colcon.colcon_core.package_identification:_identify(.) by extensions ['ignore', 'ignore_ament_install']
[0.297s] Level 1:colcon.colcon_core.package_identification:_identify(.) by extension 'ignore'
[0.297s] Level 1:colcon.colcon_core.package_identification:_identify(.) by extension 'ignore_ament_install'
[0.297s] Level 1:colcon.colcon_core.package_identification:_identify(.) by extensions ['colcon_pkg']
[0.297s] Level 1:colcon.colcon_core.package_identification:_identify(.) by extension 'colcon_pkg'
[0.297s] Level 1:colcon.colcon_core.package_identification:_identify(.) by extensions ['colcon_meta']
[0.297s] Level 1:colcon.colcon_core.package_identification:_identify(.) by extension 'colcon_meta'
[0.297s] Level 1:colcon.colcon_core.package_identification:_identify(.) by extensions ['ros']
[0.297s] Level 1:colcon.colcon_core.package_identification:_identify(.) by extension 'ros'
[0.310s] Level 1:colcon.colcon_core.package_identification:_identify(.) by extensions ['cmake', 'python']
[0.310s] Level 1:colcon.colcon_core.package_identification:_identify(.) by extension 'cmake'
[0.310s] Level 1:colcon.colcon_core.package_identification:_identify(.) by extension 'python'
[0.310s] Level 1:colcon.colcon_core.package_identification:_identify(.) by extensions ['python_setup_py']
[0.310s] Level 1:colcon.colcon_core.package_identification:_identify(.) by extension 'python_setup_py'
[0.310s] Level 1:colcon.colcon_core.package_identification:_identify(build) by extensions ['ignore', 'ignore_ament_install']
[0.310s] Level 1:colcon.colcon_core.package_identification:_identify(build) by extension 'ignore'
[0.311s] Level 1:colcon.colcon_core.package_identification:_identify(build) ignored
[0.311s] Level 1:colcon.colcon_core.package_identification:_identify(imgrcv) by extensions ['ignore', 'ignore_ament_install']
[0.311s] Level 1:colcon.colcon_core.package_identification:_identify(imgrcv) by extension 'ignore'
[0.311s] Level 1:colcon.colcon_core.package_identification:_identify(imgrcv) by extension 'ignore_ament_install'
[0.311s] Level 1:colcon.colcon_core.package_identification:_identify(imgrcv) by extensions ['colcon_pkg']
[0.311s] Level 1:colcon.colcon_core.package_identification:_identify(imgrcv) by extension 'colcon_pkg'
[0.311s] Level 1:colcon.colcon_core.package_identification:_identify(imgrcv) by extensions ['colcon_meta']
[0.311s] Level 1:colcon.colcon_core.package_identification:_identify(imgrcv) by extension 'colcon_meta'
[0.311s] Level 1:colcon.colcon_core.package_identification:_identify(imgrcv) by extensions ['ros']
[0.311s] Level 1:colcon.colcon_core.package_identification:_identify(imgrcv) by extension 'ros'
[0.315s] DEBUG:colcon.colcon_core.package_identification:Package 'imgrcv' with type 'ros.ament_cmake' and name 'imgsubscriber'
[0.315s] Level 1:colcon.colcon_core.package_identification:_identify(install) by extensions ['ignore', 'ignore_ament_install']
[0.315s] Level 1:colcon.colcon_core.package_identification:_identify(install) by extension 'ignore'
[0.315s] Level 1:colcon.colcon_core.package_identification:_identify(install) ignored
[0.315s] Level 1:colcon.colcon_core.package_identification:_identify(log) by extensions ['ignore', 'ignore_ament_install']
[0.315s] Level 1:colcon.colcon_core.package_identification:_identify(log) by extension 'ignore'
[0.315s] Level 1:colcon.colcon_core.package_identification:_identify(log) ignored
[0.315s] Level 1:colcon.colcon_core.package_discovery:discover_packages(recursive) using defaults
[0.315s] Level 1:colcon.colcon_core.package_discovery:discover_packages(ignore) discover
[0.315s] Level 1:colcon.colcon_core.package_discovery:discover_packages(ignore) using defaults
[0.315s] Level 1:colcon.colcon_core.package_discovery:discover_packages(path) discover
[0.315s] Level 1:colcon.colcon_core.package_discovery:discover_packages(path) using defaults
[0.351s] Level 1:colcon.colcon_core.package_discovery:discover_packages(prefix_path) check parameters
[0.351s] Level 1:colcon.colcon_core.package_discovery:discover_packages(prefix_path) discover
[0.354s] DEBUG:colcon.colcon_installed_package_information.package_discovery:Found 270 installed packages in /opt/ros/humble
[0.355s] Level 1:colcon.colcon_core.package_discovery:discover_packages(prefix_path) using defaults
[0.393s] Level 5:colcon.colcon_core.verb:set package 'imgsubscriber' build argument 'cmake_args' from command line to 'None'
[0.393s] Level 5:colcon.colcon_core.verb:set package 'imgsubscriber' build argument 'cmake_target' from command line to 'None'
[0.393s] Level 5:colcon.colcon_core.verb:set package 'imgsubscriber' build argument 'cmake_target_skip_unavailable' from command line to 'False'
[0.393s] Level 5:colcon.colcon_core.verb:set package 'imgsubscriber' build argument 'cmake_clean_cache' from command line to 'False'
[0.393s] Level 5:colcon.colcon_core.verb:set package 'imgsubscriber' build argument 'cmake_clean_first' from command line to 'False'
[0.393s] Level 5:colcon.colcon_core.verb:set package 'imgsubscriber' build argument 'cmake_force_configure' from command line to 'False'
[0.393s] Level 5:colcon.colcon_core.verb:set package 'imgsubscriber' build argument 'ament_cmake_args' from command line to 'None'
[0.393s] Level 5:colcon.colcon_core.verb:set package 'imgsubscriber' build argument 'catkin_cmake_args' from command line to 'None'
[0.393s] Level 5:colcon.colcon_core.verb:set package 'imgsubscriber' build argument 'catkin_skip_building_tests' from command line to 'False'
[0.393s] DEBUG:colcon.colcon_core.verb:Building package 'imgsubscriber' with the following arguments: {'ament_cmake_args': None, 'build_base': '/home/noth5593/CLionProjects/20241119_test2/build/imgsubscriber', 'catkin_cmake_args': None, 'catkin_skip_building_tests': False, 'cmake_args': None, 'cmake_clean_cache': False, 'cmake_clean_first': False, 'cmake_force_configure': False, 'cmake_target': None, 'cmake_target_skip_unavailable': False, 'install_base': '/home/noth5593/CLionProjects/20241119_test2/install/imgsubscriber', 'merge_install': False, 'path': '/home/noth5593/CLionProjects/20241119_test2/imgrcv', 'symlink_install': False, 'test_result_base': None}
[0.393s] INFO:colcon.colcon_core.executor:Executing jobs using 'parallel' executor
[0.395s] DEBUG:colcon.colcon_parallel_executor.executor.parallel:run_until_complete
[0.395s] INFO:colcon.colcon_ros.task.ament_cmake.build:Building ROS package in '/home/noth5593/CLionProjects/20241119_test2/imgrcv' with build type 'ament_cmake'
[0.395s] INFO:colcon.colcon_cmake.task.cmake.build:Building CMake package in '/home/noth5593/CLionProjects/20241119_test2/imgrcv'
[0.397s] INFO:colcon.colcon_core.plugin_system:Skipping extension 'colcon_core.shell.bat': Not used on non-Windows systems
[0.397s] INFO:colcon.colcon_core.shell:Skip shell extension 'powershell' for command environment: Not usable outside of PowerShell
[0.397s] DEBUG:colcon.colcon_core.shell:Skip shell extension 'dsv' for command environment
[0.408s] DEBUG:colcon.colcon_core.event_handler.log_command:Invoking command in '/home/noth5593/CLionProjects/20241119_test2/build/imgsubscriber': CMAKE_PREFIX_PATH=/opt/ros/humble /usr/bin/cmake --build /home/noth5593/CLionProjects/20241119_test2/build/imgsubscriber -- -j20 -l20
[12.439s] DEBUG:colcon.colcon_core.event_handler.log_command:Invoked command in '/home/noth5593/CLionProjects/20241119_test2/build/imgsubscriber' returned '0': CMAKE_PREFIX_PATH=/opt/ros/humble /usr/bin/cmake --build /home/noth5593/CLionProjects/20241119_test2/build/imgsubscriber -- -j20 -l20
[12.485s] DEBUG:colcon.colcon_core.event_handler.log_command:Invoking command in '/home/noth5593/CLionProjects/20241119_test2/build/imgsubscriber': CMAKE_PREFIX_PATH=/opt/ros/humble /usr/bin/cmake --install /home/noth5593/CLionProjects/20241119_test2/build/imgsubscriber
[12.502s] Level 1:colcon.colcon_core.environment:create_environment_scripts_only(imgsubscriber)
[12.503s] DEBUG:colcon.colcon_core.event_handler.log_command:Invoked command in '/home/noth5593/CLionProjects/20241119_test2/build/imgsubscriber' returned '0': CMAKE_PREFIX_PATH=/opt/ros/humble /usr/bin/cmake --install /home/noth5593/CLionProjects/20241119_test2/build/imgsubscriber
[12.505s] Level 1:colcon.colcon_core.environment:checking '/home/noth5593/CLionProjects/20241119_test2/install/imgsubscriber' for CMake module files
[12.506s] Level 1:colcon.colcon_core.environment:checking '/home/noth5593/CLionProjects/20241119_test2/install/imgsubscriber' for CMake config files
[12.506s] Level 1:colcon.colcon_core.shell:create_environment_hook('imgsubscriber', 'cmake_prefix_path')
[12.507s] INFO:colcon.colcon_core.shell:Creating environment hook '/home/noth5593/CLionProjects/20241119_test2/install/imgsubscriber/share/imgsubscriber/hook/cmake_prefix_path.ps1'
[12.507s] INFO:colcon.colcon_core.shell:Creating environment descriptor '/home/noth5593/CLionProjects/20241119_test2/install/imgsubscriber/share/imgsubscriber/hook/cmake_prefix_path.dsv'
[12.508s] INFO:colcon.colcon_core.shell:Creating environment hook '/home/noth5593/CLionProjects/20241119_test2/install/imgsubscriber/share/imgsubscriber/hook/cmake_prefix_path.sh'
[12.509s] Level 1:colcon.colcon_core.environment:checking '/home/noth5593/CLionProjects/20241119_test2/install/imgsubscriber/lib'
[12.509s] Level 1:colcon.colcon_core.environment:checking '/home/noth5593/CLionProjects/20241119_test2/install/imgsubscriber/bin'
[12.509s] Level 1:colcon.colcon_core.environment:checking '/home/noth5593/CLionProjects/20241119_test2/install/imgsubscriber/lib/pkgconfig/imgsubscriber.pc'
[12.509s] Level 1:colcon.colcon_core.environment:checking '/home/noth5593/CLionProjects/20241119_test2/install/imgsubscriber/lib/python3.10/site-packages'
[12.510s] Level 1:colcon.colcon_core.environment:checking '/home/noth5593/CLionProjects/20241119_test2/install/imgsubscriber/bin'
[12.510s] INFO:colcon.colcon_core.shell:Creating package script '/home/noth5593/CLionProjects/20241119_test2/install/imgsubscriber/share/imgsubscriber/package.ps1'
[12.511s] INFO:colcon.colcon_core.shell:Creating package descriptor '/home/noth5593/CLionProjects/20241119_test2/install/imgsubscriber/share/imgsubscriber/package.dsv'
[12.512s] INFO:colcon.colcon_core.shell:Creating package script '/home/noth5593/CLionProjects/20241119_test2/install/imgsubscriber/share/imgsubscriber/package.sh'
[12.512s] INFO:colcon.colcon_core.shell:Creating package script '/home/noth5593/CLionProjects/20241119_test2/install/imgsubscriber/share/imgsubscriber/package.bash'
[12.513s] INFO:colcon.colcon_core.shell:Creating package script '/home/noth5593/CLionProjects/20241119_test2/install/imgsubscriber/share/imgsubscriber/package.zsh'
[12.514s] Level 1:colcon.colcon_core.environment:create_file_with_runtime_dependencies(/home/noth5593/CLionProjects/20241119_test2/install/imgsubscriber/share/colcon-core/packages/imgsubscriber)
[12.548s] Level 1:colcon.colcon_core.environment:create_environment_scripts_only(imgsubscriber)
[12.548s] Level 1:colcon.colcon_core.environment:checking '/home/noth5593/CLionProjects/20241119_test2/install/imgsubscriber' for CMake module files
[12.549s] Level 1:colcon.colcon_core.environment:checking '/home/noth5593/CLionProjects/20241119_test2/install/imgsubscriber' for CMake config files
[12.549s] Level 1:colcon.colcon_core.shell:create_environment_hook('imgsubscriber', 'cmake_prefix_path')
[12.549s] INFO:colcon.colcon_core.shell:Creating environment hook '/home/noth5593/CLionProjects/20241119_test2/install/imgsubscriber/share/imgsubscriber/hook/cmake_prefix_path.ps1'
[12.550s] INFO:colcon.colcon_core.shell:Creating environment descriptor '/home/noth5593/CLionProjects/20241119_test2/install/imgsubscriber/share/imgsubscriber/hook/cmake_prefix_path.dsv'
[12.551s] INFO:colcon.colcon_core.shell:Creating environment hook '/home/noth5593/CLionProjects/20241119_test2/install/imgsubscriber/share/imgsubscriber/hook/cmake_prefix_path.sh'
[12.551s] Level 1:colcon.colcon_core.environment:checking '/home/noth5593/CLionProjects/20241119_test2/install/imgsubscriber/lib'
[12.551s] Level 1:colcon.colcon_core.environment:checking '/home/noth5593/CLionProjects/20241119_test2/install/imgsubscriber/bin'
[12.551s] Level 1:colcon.colcon_core.environment:checking '/home/noth5593/CLionProjects/20241119_test2/install/imgsubscriber/lib/pkgconfig/imgsubscriber.pc'
[12.552s] Level 1:colcon.colcon_core.environment:checking '/home/noth5593/CLionProjects/20241119_test2/install/imgsubscriber/lib/python3.10/site-packages'
[12.552s] Level 1:colcon.colcon_core.environment:checking '/home/noth5593/CLionProjects/20241119_test2/install/imgsubscriber/bin'
[12.552s] INFO:colcon.colcon_core.shell:Creating package script '/home/noth5593/CLionProjects/20241119_test2/install/imgsubscriber/share/imgsubscriber/package.ps1'
[12.553s] INFO:colcon.colcon_core.shell:Creating package descriptor '/home/noth5593/CLionProjects/20241119_test2/install/imgsubscriber/share/imgsubscriber/package.dsv'
[12.554s] INFO:colcon.colcon_core.shell:Creating package script '/home/noth5593/CLionProjects/20241119_test2/install/imgsubscriber/share/imgsubscriber/package.sh'
[12.554s] INFO:colcon.colcon_core.shell:Creating package script '/home/noth5593/CLionProjects/20241119_test2/install/imgsubscriber/share/imgsubscriber/package.bash'
[12.555s] INFO:colcon.colcon_core.shell:Creating package script '/home/noth5593/CLionProjects/20241119_test2/install/imgsubscriber/share/imgsubscriber/package.zsh'
[12.555s] Level 1:colcon.colcon_core.environment:create_file_with_runtime_dependencies(/home/noth5593/CLionProjects/20241119_test2/install/imgsubscriber/share/colcon-core/packages/imgsubscriber)
[12.556s] DEBUG:colcon.colcon_parallel_executor.executor.parallel:closing loop
[12.556s] DEBUG:colcon.colcon_parallel_executor.executor.parallel:loop closed
[12.556s] DEBUG:colcon.colcon_parallel_executor.executor.parallel:run_until_complete finished with '0'
[12.556s] DEBUG:colcon.colcon_core.event_reactor:joining thread
[12.562s] INFO:colcon.colcon_core.plugin_system:Skipping extension 'colcon_notification.desktop_notification.terminal_notifier': Not used on non-Darwin systems
[12.562s] INFO:colcon.colcon_core.plugin_system:Skipping extension 'colcon_notification.desktop_notification.win32': Not used on non-Windows systems
[12.562s] INFO:colcon.colcon_notification.desktop_notification:Sending desktop notification using 'notify2'
[12.574s] DEBUG:colcon.colcon_core.event_reactor:joined thread
[12.574s] INFO:colcon.colcon_core.shell:Creating prefix script '/home/noth5593/CLionProjects/20241119_test2/install/local_setup.ps1'
[12.576s] INFO:colcon.colcon_core.shell:Creating prefix util module '/home/noth5593/CLionProjects/20241119_test2/install/_local_setup_util_ps1.py'
[12.577s] INFO:colcon.colcon_core.shell:Creating prefix chain script '/home/noth5593/CLionProjects/20241119_test2/install/setup.ps1'
[12.579s] INFO:colcon.colcon_core.shell:Creating prefix script '/home/noth5593/CLionProjects/20241119_test2/install/local_setup.sh'
[12.580s] INFO:colcon.colcon_core.shell:Creating prefix util module '/home/noth5593/CLionProjects/20241119_test2/install/_local_setup_util_sh.py'
[12.580s] INFO:colcon.colcon_core.shell:Creating prefix chain script '/home/noth5593/CLionProjects/20241119_test2/install/setup.sh'
[12.582s] INFO:colcon.colcon_core.shell:Creating prefix script '/home/noth5593/CLionProjects/20241119_test2/install/local_setup.bash'
[12.582s] INFO:colcon.colcon_core.shell:Creating prefix chain script '/home/noth5593/CLionProjects/20241119_test2/install/setup.bash'
[12.583s] INFO:colcon.colcon_core.shell:Creating prefix script '/home/noth5593/CLionProjects/20241119_test2/install/local_setup.zsh'
[12.584s] INFO:colcon.colcon_core.shell:Creating prefix chain script '/home/noth5593/CLionProjects/20241119_test2/install/setup.zsh'
